  entrypoint.cpp
C:\Users\ander\Desktop\Fornite-Source-Punchmade-Deanos-Base-main\DeanosBase\DeanosBase\Core\driver\driver.hpp(41,16): warning C4091: 'typedef ': ignored on left of '_MU' when no variable is declared
  (compiling source file 'entrypoint.cpp')
  
C:\Users\ander\Desktop\Fornite-Source-Punchmade-Deanos-Base-main\DeanosBase\DeanosBase\Core\driver\driver.hpp(71,31): warning C4129: 'J': unrecognized character escape sequence
  (compiling source file 'entrypoint.cpp')
  
C:\Users\ander\Desktop\Fornite-Source-Punchmade-Deanos-Base-main\DeanosBase\DeanosBase\Core\cheat\Utilities\util.h(63,17): warning C4244: '=': conversion from 'const double' to 'float', possible loss of data
  (compiling source file 'entrypoint.cpp')
  
C:\Users\ander\Desktop\Fornite-Source-Punchmade-Deanos-Base-main\DeanosBase\DeanosBase\Core\cheat\Utilities\util.h(63,35): warning C4244: '=': conversion from 'const double' to 'float', possible loss of data
  (compiling source file 'entrypoint.cpp')
  
C:\Users\ander\Desktop\Fornite-Source-Punchmade-Deanos-Base-main\DeanosBase\DeanosBase\Core\cheat\Utilities\util.h(63,53): warning C4244: '=': conversion from 'const double' to 'float', possible loss of data
  (compiling source file 'entrypoint.cpp')
  
C:\Users\ander\Desktop\Fornite-Source-Punchmade-Deanos-Base-main\DeanosBase\DeanosBase\Core\cheat\Utilities\util.h(63,71): warning C4244: '=': conversion from 'const double' to 'float', possible loss of data
  (compiling source file 'entrypoint.cpp')
  
C:\Users\ander\Desktop\Fornite-Source-Punchmade-Deanos-Base-main\DeanosBase\DeanosBase\Core\cheat\Utilities\util.h(64,17): warning C4244: '=': conversion from 'const double' to 'float', possible loss of data
  (compiling source file 'entrypoint.cpp')
  
C:\Users\ander\Desktop\Fornite-Source-Punchmade-Deanos-Base-main\DeanosBase\DeanosBase\Core\cheat\Utilities\util.h(64,35): warning C4244: '=': conversion from 'const double' to 'float', possible loss of data
  (compiling source file 'entrypoint.cpp')
  
C:\Users\ander\Desktop\Fornite-Source-Punchmade-Deanos-Base-main\DeanosBase\DeanosBase\Core\cheat\Utilities\util.h(64,53): warning C4244: '=': conversion from 'const double' to 'float', possible loss of data
  (compiling source file 'entrypoint.cpp')
  
C:\Users\ander\Desktop\Fornite-Source-Punchmade-Deanos-Base-main\DeanosBase\DeanosBase\Core\cheat\Utilities\util.h(64,71): warning C4244: '=': conversion from 'const double' to 'float', possible loss of data
  (compiling source file 'entrypoint.cpp')
  
C:\Users\ander\Desktop\Fornite-Source-Punchmade-Deanos-Base-main\DeanosBase\DeanosBase\Core\cheat\Utilities\util.h(65,17): warning C4244: '=': conversion from 'const double' to 'float', possible loss of data
  (compiling source file 'entrypoint.cpp')
  
C:\Users\ander\Desktop\Fornite-Source-Punchmade-Deanos-Base-main\DeanosBase\DeanosBase\Core\cheat\Utilities\util.h(65,35): warning C4244: '=': conversion from 'const double' to 'float', possible loss of data
  (compiling source file 'entrypoint.cpp')
  
C:\Users\ander\Desktop\Fornite-Source-Punchmade-Deanos-Base-main\DeanosBase\DeanosBase\Core\cheat\Utilities\util.h(65,53): warning C4244: '=': conversion from 'const double' to 'float', possible loss of data
  (compiling source file 'entrypoint.cpp')
  
C:\Users\ander\Desktop\Fornite-Source-Punchmade-Deanos-Base-main\DeanosBase\DeanosBase\Core\cheat\Utilities\util.h(65,71): warning C4244: '=': conversion from 'const double' to 'float', possible loss of data
  (compiling source file 'entrypoint.cpp')
  
C:\Users\ander\Desktop\Fornite-Source-Punchmade-Deanos-Base-main\DeanosBase\DeanosBase\Core\cheat\Utilities\util.h(66,17): warning C4244: '=': conversion from 'const double' to 'float', possible loss of data
  (compiling source file 'entrypoint.cpp')
  
C:\Users\ander\Desktop\Fornite-Source-Punchmade-Deanos-Base-main\DeanosBase\DeanosBase\Core\cheat\Utilities\util.h(66,35): warning C4244: '=': conversion from 'const double' to 'float', possible loss of data
  (compiling source file 'entrypoint.cpp')
  
C:\Users\ander\Desktop\Fornite-Source-Punchmade-Deanos-Base-main\DeanosBase\DeanosBase\Core\cheat\Utilities\util.h(66,53): warning C4244: '=': conversion from 'const double' to 'float', possible loss of data
  (compiling source file 'entrypoint.cpp')
  
C:\Users\ander\Desktop\Fornite-Source-Punchmade-Deanos-Base-main\DeanosBase\DeanosBase\Core\cheat\Utilities\util.h(66,71): warning C4244: '=': conversion from 'const double' to 'float', possible loss of data
  (compiling source file 'entrypoint.cpp')
  
C:\Users\ander\Desktop\Fornite-Source-Punchmade-Deanos-Base-main\DeanosBase\DeanosBase\Core\cheat\Utilities\util.h(146,10): warning C4244: 'initializing': conversion from 'double' to 'float', possible loss of data
  (compiling source file 'entrypoint.cpp')
  
C:\Users\ander\Desktop\Fornite-Source-Punchmade-Deanos-Base-main\DeanosBase\DeanosBase\Core\cheat\Utilities\util.h(147,10): warning C4244: 'initializing': conversion from 'double' to 'float', possible loss of data
  (compiling source file 'entrypoint.cpp')
  
C:\Users\ander\Desktop\Fornite-Source-Punchmade-Deanos-Base-main\DeanosBase\DeanosBase\Core\cheat\Utilities\util.h(148,11): warning C4244: 'initializing': conversion from 'double' to 'float', possible loss of data
  (compiling source file 'entrypoint.cpp')
  
C:\Users\ander\Desktop\Fornite-Source-Punchmade-Deanos-Base-main\DeanosBase\DeanosBase\Core\cheat\Utilities\util.h(165,52): warning C4244: 'argument': conversion from 'int' to 'float', possible loss of data
  (compiling source file 'entrypoint.cpp')
  
C:\Users\ander\Desktop\Fornite-Source-Punchmade-Deanos-Base-main\DeanosBase\DeanosBase\Core\cheat\Utilities\util.h(165,37): warning C4244: 'argument': conversion from 'int' to 'float', possible loss of data
  (compiling source file 'entrypoint.cpp')
  
C:\Users\ander\Desktop\Fornite-Source-Punchmade-Deanos-Base-main\DeanosBase\DeanosBase\Core\cheat\Utilities\util.h(165,26): warning C4244: 'argument': conversion from 'int' to 'float', possible loss of data
  (compiling source file 'entrypoint.cpp')
  
C:\Users\ander\Desktop\Fornite-Source-Punchmade-Deanos-Base-main\DeanosBase\DeanosBase\Core\cheat\Utilities\util.h(165,23): warning C4244: 'argument': conversion from 'int' to 'float', possible loss of data
  (compiling source file 'entrypoint.cpp')
  
C:\Users\ander\Desktop\Fornite-Source-Punchmade-Deanos-Base-main\DeanosBase\DeanosBase\Core\cheat\Utilities\util.h(166,52): warning C4244: 'argument': conversion from 'int' to 'float', possible loss of data
  (compiling source file 'entrypoint.cpp')
  
C:\Users\ander\Desktop\Fornite-Source-Punchmade-Deanos-Base-main\DeanosBase\DeanosBase\Core\cheat\Utilities\util.h(166,45): warning C4244: 'argument': conversion from 'int' to 'float', possible loss of data
  (compiling source file 'entrypoint.cpp')
  
C:\Users\ander\Desktop\Fornite-Source-Punchmade-Deanos-Base-main\DeanosBase\DeanosBase\Core\cheat\Utilities\util.h(166,26): warning C4244: 'argument': conversion from 'int' to 'float', possible loss of data
  (compiling source file 'entrypoint.cpp')
  
C:\Users\ander\Desktop\Fornite-Source-Punchmade-Deanos-Base-main\DeanosBase\DeanosBase\Core\cheat\Utilities\util.h(166,23): warning C4244: 'argument': conversion from 'int' to 'float', possible loss of data
  (compiling source file 'entrypoint.cpp')
  
C:\Users\ander\Desktop\Fornite-Source-Punchmade-Deanos-Base-main\DeanosBase\DeanosBase\Core\cheat\Utilities\util.h(167,60): warning C4244: 'argument': conversion from 'int' to 'float', possible loss of data
  (compiling source file 'entrypoint.cpp')
  
C:\Users\ander\Desktop\Fornite-Source-Punchmade-Deanos-Base-main\DeanosBase\DeanosBase\Core\cheat\Utilities\util.h(167,53): warning C4244: 'argument': conversion from 'int' to 'float', possible loss of data
  (compiling source file 'entrypoint.cpp')
  
C:\Users\ander\Desktop\Fornite-Source-Punchmade-Deanos-Base-main\DeanosBase\DeanosBase\Core\cheat\Utilities\util.h(167,48): warning C4244: 'argument': conversion from 'int' to 'float', possible loss of data
  (compiling source file 'entrypoint.cpp')
  
C:\Users\ander\Desktop\Fornite-Source-Punchmade-Deanos-Base-main\DeanosBase\DeanosBase\Core\cheat\Utilities\util.h(167,35): warning C4244: 'argument': conversion from 'int' to 'float', possible loss of data
  (compiling source file 'entrypoint.cpp')
  
C:\Users\ander\Desktop\Fornite-Source-Punchmade-Deanos-Base-main\DeanosBase\DeanosBase\Core\cheat\Utilities\util.h(168,60): warning C4244: 'argument': conversion from 'int' to 'float', possible loss of data
  (compiling source file 'entrypoint.cpp')
  
C:\Users\ander\Desktop\Fornite-Source-Punchmade-Deanos-Base-main\DeanosBase\DeanosBase\Core\cheat\Utilities\util.h(168,43): warning C4244: 'argument': conversion from 'int' to 'float', possible loss of data
  (compiling source file 'entrypoint.cpp')
  
C:\Users\ander\Desktop\Fornite-Source-Punchmade-Deanos-Base-main\DeanosBase\DeanosBase\Core\cheat\Utilities\util.h(168,30): warning C4244: 'argument': conversion from 'int' to 'float', possible loss of data
  (compiling source file 'entrypoint.cpp')
  
C:\Users\ander\Desktop\Fornite-Source-Punchmade-Deanos-Base-main\DeanosBase\DeanosBase\Core\cheat\Utilities\util.h(168,25): warning C4244: 'argument': conversion from 'int' to 'float', possible loss of data
  (compiling source file 'entrypoint.cpp')
  
C:\Users\ander\Desktop\Fornite-Source-Punchmade-Deanos-Base-main\DeanosBase\DeanosBase\Core\cheat\Utilities\util.h(169,60): warning C4244: 'argument': conversion from 'int' to 'float', possible loss of data
  (compiling source file 'entrypoint.cpp')
  
C:\Users\ander\Desktop\Fornite-Source-Punchmade-Deanos-Base-main\DeanosBase\DeanosBase\Core\cheat\Utilities\util.h(169,51): warning C4244: 'argument': conversion from 'int' to 'float', possible loss of data
  (compiling source file 'entrypoint.cpp')
  
C:\Users\ander\Desktop\Fornite-Source-Punchmade-Deanos-Base-main\DeanosBase\DeanosBase\Core\cheat\Utilities\util.h(169,46): warning C4244: 'argument': conversion from 'int' to 'float', possible loss of data
  (compiling source file 'entrypoint.cpp')
  
C:\Users\ander\Desktop\Fornite-Source-Punchmade-Deanos-Base-main\DeanosBase\DeanosBase\Core\cheat\Utilities\util.h(169,23): warning C4244: 'argument': conversion from 'int' to 'float', possible loss of data
  (compiling source file 'entrypoint.cpp')
  
C:\Users\ander\Desktop\Fornite-Source-Punchmade-Deanos-Base-main\DeanosBase\DeanosBase\Core\cheat\Utilities\util.h(170,60): warning C4244: 'argument': conversion from 'int' to 'float', possible loss of data
  (compiling source file 'entrypoint.cpp')
  
C:\Users\ander\Desktop\Fornite-Source-Punchmade-Deanos-Base-main\DeanosBase\DeanosBase\Core\cheat\Utilities\util.h(170,51): warning C4244: 'argument': conversion from 'int' to 'float', possible loss of data
  (compiling source file 'entrypoint.cpp')
  
C:\Users\ander\Desktop\Fornite-Source-Punchmade-Deanos-Base-main\DeanosBase\DeanosBase\Core\cheat\Utilities\util.h(170,28): warning C4244: 'argument': conversion from 'int' to 'float', possible loss of data
  (compiling source file 'entrypoint.cpp')
  
C:\Users\ander\Desktop\Fornite-Source-Punchmade-Deanos-Base-main\DeanosBase\DeanosBase\Core\cheat\Utilities\util.h(170,23): warning C4244: 'argument': conversion from 'int' to 'float', possible loss of data
  (compiling source file 'entrypoint.cpp')
  
C:\Users\ander\Desktop\Fornite-Source-Punchmade-Deanos-Base-main\DeanosBase\DeanosBase\Core\cheat\Utilities\util.h(171,68): warning C4244: 'argument': conversion from 'int' to 'float', possible loss of data
  (compiling source file 'entrypoint.cpp')
  
C:\Users\ander\Desktop\Fornite-Source-Punchmade-Deanos-Base-main\DeanosBase\DeanosBase\Core\cheat\Utilities\util.h(171,59): warning C4244: 'argument': conversion from 'int' to 'float', possible loss of data
  (compiling source file 'entrypoint.cpp')
  
C:\Users\ander\Desktop\Fornite-Source-Punchmade-Deanos-Base-main\DeanosBase\DeanosBase\Core\cheat\Utilities\util.h(171,52): warning C4244: 'argument': conversion from 'int' to 'float', possible loss of data
  (compiling source file 'entrypoint.cpp')
  
C:\Users\ander\Desktop\Fornite-Source-Punchmade-Deanos-Base-main\DeanosBase\DeanosBase\Core\cheat\Utilities\util.h(171,37): warning C4244: 'argument': conversion from 'int' to 'float', possible loss of data
  (compiling source file 'entrypoint.cpp')
  
C:\Users\ander\Desktop\Fornite-Source-Punchmade-Deanos-Base-main\DeanosBase\DeanosBase\Core\cheat\Utilities\util.h(172,68): warning C4244: 'argument': conversion from 'int' to 'float', possible loss of data
  (compiling source file 'entrypoint.cpp')
  
C:\Users\ander\Desktop\Fornite-Source-Punchmade-Deanos-Base-main\DeanosBase\DeanosBase\Core\cheat\Utilities\util.h(172,59): warning C4244: 'argument': conversion from 'int' to 'float', possible loss of data
  (compiling source file 'entrypoint.cpp')
  
C:\Users\ander\Desktop\Fornite-Source-Punchmade-Deanos-Base-main\DeanosBase\DeanosBase\Core\cheat\Utilities\util.h(172,52): warning C4244: 'argument': conversion from 'int' to 'float', possible loss of data
  (compiling source file 'entrypoint.cpp')
  
C:\Users\ander\Desktop\Fornite-Source-Punchmade-Deanos-Base-main\DeanosBase\DeanosBase\Core\cheat\Utilities\util.h(172,25): warning C4244: 'argument': conversion from 'int' to 'float', possible loss of data
  (compiling source file 'entrypoint.cpp')
  
C:\Users\ander\Desktop\Fornite-Source-Punchmade-Deanos-Base-main\DeanosBase\DeanosBase\Core\cheat\Utilities\util.h(184,20): warning C4244: 'argument': conversion from 'double' to 'float', possible loss of data
  (compiling source file 'entrypoint.cpp')
  
C:\Users\ander\Desktop\Fornite-Source-Punchmade-Deanos-Base-main\DeanosBase\DeanosBase\Core\cheat\Utilities\util.h(184,42): warning C4244: 'argument': conversion from 'double' to 'float', possible loss of data
  (compiling source file 'entrypoint.cpp')
  
C:\Users\ander\Desktop\Fornite-Source-Punchmade-Deanos-Base-main\DeanosBase\DeanosBase\Core\cheat\Engine\sdk.h(101,59): warning C4244: 'argument': conversion from 'double' to 'float', possible loss of data
  (compiling source file 'entrypoint.cpp')
  
C:\Users\ander\Desktop\Fornite-Source-Punchmade-Deanos-Base-main\DeanosBase\DeanosBase\Core\cheat\Engine\sdk.h(109,24): warning C4244: 'argument': conversion from 'double' to 'float', possible loss of data
  (compiling source file 'entrypoint.cpp')
  
C:\Users\ander\Desktop\Fornite-Source-Punchmade-Deanos-Base-main\DeanosBase\DeanosBase\Core\cheat\Engine\sdk.h(109,52): warning C4244: 'argument': conversion from 'double' to 'float', possible loss of data
  (compiling source file 'entrypoint.cpp')
  
C:\Users\ander\Desktop\Fornite-Source-Punchmade-Deanos-Base-main\DeanosBase\DeanosBase\Core\cheat\aimbot\aimbot.h(13,24): warning C4244: 'initializing': conversion from 'int' to 'float', possible loss of data
  (compiling source file 'entrypoint.cpp')
  
C:\Users\ander\Desktop\Fornite-Source-Punchmade-Deanos-Base-main\DeanosBase\DeanosBase\Core\cheat\Visuals\esp.h(75,24): warning C4244: 'initializing': conversion from 'double' to 'float', possible loss of data
  (compiling source file 'entrypoint.cpp')
  
C:\Users\ander\Desktop\Fornite-Source-Punchmade-Deanos-Base-main\DeanosBase\DeanosBase\Core\cheat\Visuals\esp.h(76,25): warning C4244: 'initializing': conversion from 'double' to 'float', possible loss of data
  (compiling source file 'entrypoint.cpp')
  
C:\Users\ander\Desktop\Fornite-Source-Punchmade-Deanos-Base-main\DeanosBase\DeanosBase\Core\cheat\Visuals\esp.h(82,106): warning C4244: 'argument': conversion from 'float' to 'int', possible loss of data
  (compiling source file 'entrypoint.cpp')
  
C:\Users\ander\Desktop\Fornite-Source-Punchmade-Deanos-Base-main\DeanosBase\DeanosBase\Core\cheat\Visuals\esp.h(82,83): warning C4244: 'argument': conversion from 'float' to 'int', possible loss of data
  (compiling source file 'entrypoint.cpp')
  
C:\Users\ander\Desktop\Fornite-Source-Punchmade-Deanos-Base-main\DeanosBase\DeanosBase\Core\cheat\Visuals\esp.h(82,65): warning C4244: 'argument': conversion from 'float' to 'int', possible loss of data
  (compiling source file 'entrypoint.cpp')
  
C:\Users\ander\Desktop\Fornite-Source-Punchmade-Deanos-Base-main\DeanosBase\DeanosBase\Core\cheat\Visuals\esp.h(82,61): warning C4244: 'argument': conversion from 'double' to 'int', possible loss of data
  (compiling source file 'entrypoint.cpp')
  
C:\Users\ander\Desktop\Fornite-Source-Punchmade-Deanos-Base-main\DeanosBase\DeanosBase\Core\cheat\Visuals\esp.h(82,36): warning C4244: 'argument': conversion from 'double' to 'int', possible loss of data
  (compiling source file 'entrypoint.cpp')
  
C:\Users\ander\Desktop\Fornite-Source-Punchmade-Deanos-Base-main\DeanosBase\DeanosBase\Core\cheat\Visuals\esp.h(85,110): warning C4244: 'argument': conversion from 'double' to 'float', possible loss of data
  (compiling source file 'entrypoint.cpp')
  
C:\Users\ander\Desktop\Fornite-Source-Punchmade-Deanos-Base-main\DeanosBase\DeanosBase\Core\cheat\Visuals\esp.h(85,98): warning C4244: 'argument': conversion from 'double' to 'float', possible loss of data
  (compiling source file 'entrypoint.cpp')
  
C:\Users\ander\Desktop\Fornite-Source-Punchmade-Deanos-Base-main\DeanosBase\DeanosBase\Core\cheat\Visuals\esp.h(85,74): warning C4244: 'argument': conversion from 'int' to 'float', possible loss of data
  (compiling source file 'entrypoint.cpp')
  
C:\Users\ander\Desktop\Fornite-Source-Punchmade-Deanos-Base-main\DeanosBase\DeanosBase\Core\cheat\Visuals\esp.h(90,80): warning C4244: 'argument': conversion from 'double' to 'float', possible loss of data
  (compiling source file 'entrypoint.cpp')
  
C:\Users\ander\Desktop\Fornite-Source-Punchmade-Deanos-Base-main\DeanosBase\DeanosBase\Core\cheat\Visuals\esp.h(90,68): warning C4244: 'argument': conversion from 'double' to 'float', possible loss of data
  (compiling source file 'entrypoint.cpp')
  
C:\Users\ander\Desktop\Fornite-Source-Punchmade-Deanos-Base-main\DeanosBase\DeanosBase\Core\cheat\Visuals\esp.h(103,40): warning C4244: 'argument': conversion from 'double' to 'float', possible loss of data
  (compiling source file 'entrypoint.cpp')
  
C:\Users\ander\Desktop\Fornite-Source-Punchmade-Deanos-Base-main\DeanosBase\DeanosBase\Core\cheat\Visuals\esp.h(155,113): warning C4244: 'argument': conversion from 'double' to 'float', possible loss of data
  (compiling source file 'entrypoint.cpp')
  
C:\Program Files\Microsoft Visual Studio\2022\Community\VC\Tools\MSVC\14.44.35207\include\xutility(4813,18): warning C4244: '=': conversion from 'wchar_t' to 'char', possible loss of data
  (compiling source file 'entrypoint.cpp')
      C:\Program Files\Microsoft Visual Studio\2022\Community\VC\Tools\MSVC\14.44.35207\include\xutility(4813,18):
      the template instantiation context (the oldest one first) is
          C:\Users\ander\Desktop\Fornite-Source-Punchmade-Deanos-Base-main\DeanosBase\DeanosBase\entrypoint.cpp(37,28):
          see reference to function template instantiation 'std::basic_string<char,std::char_traits<char>,std::allocator<char>>::basic_string<std::_String_iterator<std::_String_val<std::_Simple_types<_Elem>>>,0>(_Iter,_Iter,const _Alloc &)' being compiled
          with
          [
              _Elem=wchar_t,
              _Iter=std::_String_iterator<std::_String_val<std::_Simple_types<wchar_t>>>,
              _Alloc=std::allocator<char>
          ]
              C:\Users\ander\Desktop\Fornite-Source-Punchmade-Deanos-Base-main\DeanosBase\DeanosBase\entrypoint.cpp(37,28):
              see the first reference to 'std::basic_string<char,std::char_traits<char>,std::allocator<char>>::basic_string' in 'cheat::waitForProcess'
          C:\Program Files\Microsoft Visual Studio\2022\Community\VC\Tools\MSVC\14.44.35207\include\xstring(812,17):
          see reference to function template instantiation 'void std::basic_string<char,std::char_traits<char>,std::allocator<char>>::_Construct_from_iter<wchar_t*,wchar_t*,_Size_type>(_Iter,const _Sent,_Size)' being compiled
          with
          [
              _Size_type=unsigned __int64,
              _Iter=wchar_t *,
              _Sent=wchar_t *,
              _Size=unsigned __int64
          ]
          C:\Program Files\Microsoft Visual Studio\2022\Community\VC\Tools\MSVC\14.44.35207\include\xstring(968,18):
          see reference to function template instantiation '_OutIt *std::_Copy_n_unchecked4<wchar_t*,_Size,char*>(_InIt,_SizeTy,_OutIt)' being compiled
          with
          [
              _OutIt=char *,
              _Size=unsigned __int64,
              _InIt=wchar_t *,
              _SizeTy=unsigned __int64
          ]
  
  imgui.cpp
  imgui_demo.cpp
  imgui_draw.cpp
  imgui_impl_dx11.cpp
  imgui_impl_dx9.cpp
  imgui_impl_win32.cpp
  imgui_tables.cpp
  imgui_widgets.cpp
  Generating code
  Previous IPDB not found, fall back to full compilation.
  All 2178 functions were compiled because no usable IPDB/IOBJ from previous compilation was found.
  Finished generating code
  DeanoPuchmade.vcxproj -> C:\Users\ander\Desktop\Fornite-Source-Punchmade-Deanos-Base-main\DeanosBase\DeanosBase\x64\Release\PunchmadeDeano.exe
